Arguments: 
  /Users/michelpm1/.nvm/versions/node/v10.8.0/bin/node /usr/local/Cellar/yarn/1.5.1/libexec/bin/yarn.js test

PATH: 
  /Users/michelpm1/.nvm/versions/node/v10.8.0/bin:/usr/local/bin:/usr/bin:/bin:/usr/sbin:/sbin:/opt/X11/bin:/Library/Frameworks/Mono.framework/Versions/Current/Commands

Yarn version: 
  1.5.1

Node version: 
  10.8.0

Platform: 
  darwin x64

npm manifest: 
  {
    "name": "football-test",
    "version": "0.1.0",
    "private": true,
    "author": {
      "name": "Michel",
      "email": "michelpm1@gmail.com"
    },
    "dependencies": {
      "axios": "^0.18.0",
      "bootstrap": "^4.1.3",
      "jquery": "^3.3.1",
      "lodash": "^4.17.10",
      "popper.js": "^1.14.4",
      "react": "^16.2.0",
      "react-dom": "^16.2.0",
      "react-router-dom": "^4.2.2",
      "react-scripts": "^1.1.5",
      "toastr": "^2.1.4"
    },
    "scripts": {
      "start": "react-scripts start",
      "build": "react-scripts build",
      "eject": "react-scripts eject",
      "test": "react-scripts test --env=node"
    },
    "devDependencies": {
      "babel-cli": "^6.26.0",
      "babel-jest": "^23.4.2",
      "babel-polyfill": "^6.26.0",
      "babel-preset-es2017": "^6.24.1",
      "babel-preset-react": "^6.24.1",
      "enzyme": "^3.4.4",
      "enzyme-adapter-react-16.2": "^1.0.0",
      "enzyme-to-json": "^3.3.4",
      "html-webpack-plugin": "^3.2.0",
      "react-test-renderer": "^16.4.2",
      "webpack": "^4.17.1",
      "webpack-dev-server": "^3.1.5"
    }
  }

yarn manifest: 
  No manifest

Lockfile: 
  No lockfile

Trace: 
  Error: Command failed.
  Exit code: 1
  Command: sh
  Arguments: -c react-scripts test --env=node
  Directory: /Users/michelpm1/WebstormProjects/football-test
  Output:
  
      at ProcessTermError.MessageError (/usr/local/Cellar/yarn/1.5.1/libexec/lib/cli.js:186:110)
      at new ProcessTermError (/usr/local/Cellar/yarn/1.5.1/libexec/lib/cli.js:226:113)
      at ChildProcess.<anonymous> (/usr/local/Cellar/yarn/1.5.1/libexec/lib/cli.js:30281:17)
      at ChildProcess.emit (events.js:182:13)
      at maybeClose (internal/child_process.js:962:16)
      at Process.ChildProcess._handle.onexit (internal/child_process.js:249:5)
